13:41:59 **** Build of configuration Debug for project pythagoreanTriplet ****
make all 
Building file: ../test/Algorithm_test.cpp
Invoking: GCC C++ Compiler
g++ -I"/Users/MacBookEr/Desktop/techFit/c++/pythagoreanTriplet/pythagoreanTriplet/include" -I"/Users/MacBookEr/Desktop/techFit/c++/pythagoreanTriplet/pythagoreanTriplet/gtest_src" -O0 -g3 -Wall -c -fmessage-length=0 -MMD -MP -MF"test/Algorithm_test.d" -MT"test/Algorithm_test.d" -o "test/Algorithm_test.o" "../test/Algorithm_test.cpp"
Finished building: ../test/Algorithm_test.cpp
 
Building file: ../test/gtest_main.cc
Invoking: GCC C++ Compiler
g++ -I"/Users/MacBookEr/Desktop/techFit/c++/pythagoreanTriplet/pythagoreanTriplet/include" -I"/Users/MacBookEr/Desktop/techFit/c++/pythagoreanTriplet/pythagoreanTriplet/gtest_src" -O0 -g3 -Wall -c -fmessage-length=0 -MMD -MP -MF"test/gtest_main.d" -MT"test/gtest_main.d" -o "test/gtest_main.o" "../test/gtest_main.cc"
Finished building: ../test/gtest_main.cc
 
Building file: ../src/Algorithm.cpp
Invoking: GCC C++ Compiler
g++ -I"/Users/MacBookEr/Desktop/techFit/c++/pythagoreanTriplet/pythagoreanTriplet/include" -O0 -g3 -Wall -c -fmessage-length=0 -MMD -MP -MF"src/Algorithm.d" -MT"src/Algorithm.d" -o "src/Algorithm.o" "../src/Algorithm.cpp"
Finished building: ../src/Algorithm.cpp
 
Building file: ../gtest_src/gtest/gtest-all.cc
Invoking: GCC C++ Compiler
g++ -I"/Users/MacBookEr/Desktop/techFit/c++/pythagoreanTriplet/pythagoreanTriplet/gtest_src" -O0 -g3 -Wall -c -fmessage-length=0 -MMD -MP -MF"gtest_src/gtest/gtest-all.d" -MT"gtest_src/gtest/gtest-all.d" -o "gtest_src/gtest/gtest-all.o" "../gtest_src/gtest/gtest-all.cc"
../gtest_src/gtest/gtest-all.cc:7921:12: warning: unused variable 'kPathSeparatorString' [-Wunused-const-variable]
const char kPathSeparatorString[] = "/";
           ^
1 warning generated.
Finished building: ../gtest_src/gtest/gtest-all.cc
 
Building target: pythagoreanTriplet
Invoking: MacOS X C++ Linker
g++  -o "pythagoreanTriplet"  ./test/Algorithm_test.o ./test/gtest_main.o  ./src/Algorithm.o  ./gtest_src/gtest/gtest-all.o   -lpthread
Finished building target: pythagoreanTriplet
 
13:42:16 **** Incremental Build of configuration Debug for project pythagoreanTriplet ****
make all 
make: Nothing to be done for `all'.
13:42:24 **** Incremental Build of configuration Debug for project pythagoreanTriplet ****
make all 
Building file: ../test/Algorithm_test.cpp
Invoking: GCC C++ Compiler
g++ -I"/Users/MacBookEr/Desktop/techFit/c++/pythagoreanTriplet/pythagoreanTriplet/include" -I"/Users/MacBookEr/Desktop/techFit/c++/pythagoreanTriplet/pythagoreanTriplet/gtest_src" -O0 -g3 -Wall -c -fmessage-length=0 -MMD -MP -MF"test/Algorithm_test.d" -MT"test/Algorithm_test.d" -o "test/Algorithm_test.o" "../test/Algorithm_test.cpp"
Finished building: ../test/Algorithm_test.cpp
 
Building target: pythagoreanTriplet
Invoking: MacOS X C++ Linker
g++  -o "pythagoreanTriplet"  ./test/Algorithm_test.o ./test/gtest_main.o  ./src/Algorithm.o  ./gtest_src/gtest/gtest-all.o   -lpthread
Finished building target: pythagoreanTriplet
 
13:42:32 **** Incremental Build of configuration Debug for project pythagoreanTriplet ****
make all 
make: Nothing to be done for `all'.
13:42:35 **** Incremental Build of configuration Debug for project pythagoreanTriplet ****
make all 
make: Nothing to be done for `all'.
13:43:08 **** Incremental Build of configuration Debug for project pythagoreanTriplet ****
make all 
make: Nothing to be done for `all'.
13:45:29 **** Incremental Build of configuration Debug for project pythagoreanTriplet ****
make all 
Building file: ../test/Algorithm_test.cpp
Invoking: GCC C++ Compiler
g++ -I"/Users/MacBookEr/Desktop/techFit/c++/pythagoreanTriplet/pythagoreanTriplet/include" -I"/Users/MacBookEr/Desktop/techFit/c++/pythagoreanTriplet/pythagoreanTriplet/gtest_src" -O0 -g3 -Wall -c -fmessage-length=0 -MMD -MP -MF"test/Algorithm_test.d" -MT"test/Algorithm_test.d" -o "test/Algorithm_test.o" "../test/Algorithm_test.cpp"
Finished building: ../test/Algorithm_test.cpp
 
Building file: ../test/gtest_main.cc
Invoking: GCC C++ Compiler
g++ -I"/Users/MacBookEr/Desktop/techFit/c++/pythagoreanTriplet/pythagoreanTriplet/include" -I"/Users/MacBookEr/Desktop/techFit/c++/pythagoreanTriplet/pythagoreanTriplet/gtest_src" -O0 -g3 -Wall -c -fmessage-length=0 -MMD -MP -MF"test/gtest_main.d" -MT"test/gtest_main.d" -o "test/gtest_main.o" "../test/gtest_main.cc"
Finished building: ../test/gtest_main.cc
 
Building file: ../gtest_src/gtest/gtest-all.cc
Invoking: GCC C++ Compiler
g++ -I"/Users/MacBookEr/Desktop/techFit/c++/pythagoreanTriplet/pythagoreanTriplet/gtest_src" -O0 -g3 -Wall -c -fmessage-length=0 -MMD -MP -MF"gtest_src/gtest/gtest-all.d" -MT"gtest_src/gtest/gtest-all.d" -o "gtest_src/gtest/gtest-all.o" "../gtest_src/gtest/gtest-all.cc"
../gtest_src/gtest/gtest-all.cc:2729:10: error: call to 'wcsstr' is ambiguous
  return wcsstr(haystack, needle) != NULL;
         ^~~~~~
/usr/include/wchar.h:141:10: note: candidate function
wchar_t *wcsstr(const wchar_t * __restrict, const wchar_t * __restrict);
         ^
/Applications/Xcode.app/Contents/Developer/Toolchains/XcodeDefault.xctoolchain/usr/bin/../include/c++/v1/cwchar:189:49: note: candidate function
inline _LIBCPP_INLINE_VISIBILITY const wchar_t* wcsstr(const wchar_t* __s1, const wchar_t* __s2) {return ::wcsstr(__s1, __s2);}
                                                ^
1 error generated.
make: *** [gtest_src/gtest/gtest-all.o] Error 1
13:46:08 **** Incremental Build of configuration Debug for project pythagoreanTriplet ****
make all 
Building file: ../test/Algorithm_test.cpp
Invoking: GCC C++ Compiler
g++ -I"/Users/MacBookEr/Desktop/techFit/c++/pythagoreanTriplet/pythagoreanTriplet/include" -I"/Users/MacBookEr/Desktop/techFit/c++/pythagoreanTriplet/pythagoreanTriplet/gtest_src" -O0 -g3 -Wall -c -fmessage-length=0 -MMD -MP -MF"test/Algorithm_test.d" -MT"test/Algorithm_test.d" -o "test/Algorithm_test.o" "../test/Algorithm_test.cpp"
Finished building: ../test/Algorithm_test.cpp
 
Building file: ../test/gtest_main.cc
Invoking: GCC C++ Compiler
g++ -I"/Users/MacBookEr/Desktop/techFit/c++/pythagoreanTriplet/pythagoreanTriplet/include" -I"/Users/MacBookEr/Desktop/techFit/c++/pythagoreanTriplet/pythagoreanTriplet/gtest_src" -O0 -g3 -Wall -c -fmessage-length=0 -MMD -MP -MF"test/gtest_main.d" -MT"test/gtest_main.d" -o "test/gtest_main.o" "../test/gtest_main.cc"
Finished building: ../test/gtest_main.cc
 
Building file: ../gtest_src/gtest/gtest-all.cc
Invoking: GCC C++ Compiler
g++ -I"/Users/MacBookEr/Desktop/techFit/c++/pythagoreanTriplet/pythagoreanTriplet/gtest_src" -O0 -g3 -Wall -c -fmessage-length=0 -MMD -MP -MF"gtest_src/gtest/gtest-all.d" -MT"gtest_src/gtest/gtest-all.d" -o "gtest_src/gtest/gtest-all.o" "../gtest_src/gtest/gtest-all.cc"
../gtest_src/gtest/gtest-all.cc:7921:12: warning: unused variable 'kPathSeparatorString' [-Wunused-const-variable]
const char kPathSeparatorString[] = "/";
           ^
1 warning generated.
Finished building: ../gtest_src/gtest/gtest-all.cc
 
Building target: pythagoreanTriplet
Invoking: MacOS X C++ Linker
g++  -o "pythagoreanTriplet"  ./test/Algorithm_test.o ./test/gtest_main.o  ./src/Algorithm.o  ./gtest_src/gtest/gtest-all.o   -lpthread
Finished building target: pythagoreanTriplet
 
13:46:26 **** Incremental Build of configuration Debug for project pythagoreanTriplet ****
make all 
make: Nothing to be done for `all'.
13:48:39 **** Incremental Build of configuration Debug for project pythagoreanTriplet ****
make all 
Building file: ../test/Algorithm_test.cpp
Invoking: GCC C++ Compiler
g++ -I"/Users/MacBookEr/Desktop/techFit/c++/pythagoreanTriplet/pythagoreanTriplet/include" -I"/Users/MacBookEr/Desktop/techFit/c++/pythagoreanTriplet/pythagoreanTriplet/gtest_src" -O0 -g3 -Wall -c -fmessage-length=0 -MMD -MP -MF"test/Algorithm_test.d" -MT"test/Algorithm_test.d" -o "test/Algorithm_test.o" "../test/Algorithm_test.cpp"
Finished building: ../test/Algorithm_test.cpp
 
Building file: ../src/Algorithm.cpp
Invoking: GCC C++ Compiler
g++ -I"/Users/MacBookEr/Desktop/techFit/c++/pythagoreanTriplet/pythagoreanTriplet/include" -O0 -g3 -Wall -c -fmessage-length=0 -MMD -MP -MF"src/Algorithm.d" -MT"src/Algorithm.d" -o "src/Algorithm.o" "../src/Algorithm.cpp"
Finished building: ../src/Algorithm.cpp
 
Building target: pythagoreanTriplet
Invoking: MacOS X C++ Linker
g++  -o "pythagoreanTriplet"  ./test/Algorithm_test.o ./test/gtest_main.o  ./src/Algorithm.o  ./gtest_src/gtest/gtest-all.o   -lpthread
Finished building target: pythagoreanTriplet
 
13:48:45 **** Incremental Build of configuration Debug for project pythagoreanTriplet ****
make all 
make: Nothing to be done for `all'.
13:49:03 **** Incremental Build of configuration Debug for project pythagoreanTriplet ****
make all 
Building file: ../test/Algorithm_test.cpp
Invoking: GCC C++ Compiler
g++ -I"/Users/MacBookEr/Desktop/techFit/c++/pythagoreanTriplet/pythagoreanTriplet/include" -I"/Users/MacBookEr/Desktop/techFit/c++/pythagoreanTriplet/pythagoreanTriplet/gtest_src" -O0 -g3 -Wall -c -fmessage-length=0 -MMD -MP -MF"test/Algorithm_test.d" -MT"test/Algorithm_test.d" -o "test/Algorithm_test.o" "../test/Algorithm_test.cpp"
Finished building: ../test/Algorithm_test.cpp
 
Building target: pythagoreanTriplet
Invoking: MacOS X C++ Linker
g++  -o "pythagoreanTriplet"  ./test/Algorithm_test.o ./test/gtest_main.o  ./src/Algorithm.o  ./gtest_src/gtest/gtest-all.o   -lpthread
Finished building target: pythagoreanTriplet
 
23:01:20 **** Incremental Build of configuration Debug for project pythagoreanTriplet ****
make all 
Building file: ../test/Algorithm_test.cpp
Invoking: GCC C++ Compiler
g++ -I"/Users/MacBookEr/Desktop/techFit/c++/pythagoreanTriplet/pythagoreanTriplet/include" -I"/Users/MacBookEr/Desktop/techFit/c++/pythagoreanTriplet/pythagoreanTriplet/gtest_src" -O0 -g3 -Wall -c -fmessage-length=0 -MMD -MP -MF"test/Algorithm_test.d" -MT"test/Algorithm_test.d" -o "test/Algorithm_test.o" "../test/Algorithm_test.cpp"
Finished building: ../test/Algorithm_test.cpp
 
Building file: ../src/Algorithm.cpp
Invoking: GCC C++ Compiler
g++ -I"/Users/MacBookEr/Desktop/techFit/c++/pythagoreanTriplet/pythagoreanTriplet/include" -O0 -g3 -Wall -c -fmessage-length=0 -MMD -MP -MF"src/Algorithm.d" -MT"src/Algorithm.d" -o "src/Algorithm.o" "../src/Algorithm.cpp"
Finished building: ../src/Algorithm.cpp
 
Building target: pythagoreanTriplet
Invoking: MacOS X C++ Linker
g++  -o "pythagoreanTriplet"  ./test/Algorithm_test.o ./test/gtest_main.o  ./src/Algorithm.o  ./gtest_src/gtest/gtest-all.o   -lpthread
Finished building target: pythagoreanTriplet
 
23:01:27 **** Incremental Build of configuration Debug for project pythagoreanTriplet ****
make all 
make: Nothing to be done for `all'.
23:02:39 **** Incremental Build of configuration Debug for project pythagoreanTriplet ****
make all 
Building file: ../src/Algorithm.cpp
Invoking: GCC C++ Compiler
g++ -I"/Users/MacBookEr/Desktop/techFit/c++/pythagoreanTriplet/pythagoreanTriplet/include" -O0 -g3 -Wall -c -fmessage-length=0 -MMD -MP -MF"src/Algorithm.d" -MT"src/Algorithm.d" -o "src/Algorithm.o" "../src/Algorithm.cpp"
Finished building: ../src/Algorithm.cpp
 
Building target: pythagoreanTriplet
Invoking: MacOS X C++ Linker
g++  -o "pythagoreanTriplet"  ./test/Algorithm_test.o ./test/gtest_main.o  ./src/Algorithm.o  ./gtest_src/gtest/gtest-all.o   -lpthread
Finished building target: pythagoreanTriplet
 
23:02:43 **** Incremental Build of configuration Debug for project pythagoreanTriplet ****
make all 
make: Nothing to be done for `all'.
23:03:31 **** Incremental Build of configuration Debug for project pythagoreanTriplet ****
make all 
Building file: ../src/Algorithm.cpp
Invoking: GCC C++ Compiler
g++ -I"/Users/MacBookEr/Desktop/techFit/c++/pythagoreanTriplet/pythagoreanTriplet/include" -O0 -g3 -Wall -c -fmessage-length=0 -MMD -MP -MF"src/Algorithm.d" -MT"src/Algorithm.d" -o "src/Algorithm.o" "../src/Algorithm.cpp"
Finished building: ../src/Algorithm.cpp
 
Building target: pythagoreanTriplet
Invoking: MacOS X C++ Linker
g++  -o "pythagoreanTriplet"  ./test/Algorithm_test.o ./test/gtest_main.o  ./src/Algorithm.o  ./gtest_src/gtest/gtest-all.o   -lpthread
Finished building target: pythagoreanTriplet
 
23:03:35 **** Incremental Build of configuration Debug for project pythagoreanTriplet ****
make all 
make: Nothing to be done for `all'.
23:04:50 **** Incremental Build of configuration Debug for project pythagoreanTriplet ****
make all 
Building file: ../test/Algorithm_test.cpp
Invoking: GCC C++ Compiler
g++ -I"/Users/MacBookEr/Desktop/techFit/c++/pythagoreanTriplet/pythagoreanTriplet/include" -I"/Users/MacBookEr/Desktop/techFit/c++/pythagoreanTriplet/pythagoreanTriplet/gtest_src" -O0 -g3 -Wall -c -fmessage-length=0 -MMD -MP -MF"test/Algorithm_test.d" -MT"test/Algorithm_test.d" -o "test/Algorithm_test.o" "../test/Algorithm_test.cpp"
Finished building: ../test/Algorithm_test.cpp
 
Building target: pythagoreanTriplet
Invoking: MacOS X C++ Linker
g++  -o "pythagoreanTriplet"  ./test/Algorithm_test.o ./test/gtest_main.o  ./src/Algorithm.o  ./gtest_src/gtest/gtest-all.o   -lpthread
Finished building target: pythagoreanTriplet
 
23:04:54 **** Incremental Build of configuration Debug for project pythagoreanTriplet ****
make all 
make: Nothing to be done for `all'.
23:36:04 **** Incremental Build of configuration Debug for project pythagoreanTriplet ****
make all 
Building file: ../src/Algorithm.cpp
Invoking: GCC C++ Compiler
g++ -I"/Users/MacBookEr/Desktop/techFit/c++/pythagoreanTriplet/pythagoreanTriplet/include" -O0 -g3 -Wall -c -fmessage-length=0 -MMD -MP -MF"src/Algorithm.d" -MT"src/Algorithm.d" -o "src/Algorithm.o" "../src/Algorithm.cpp"
Finished building: ../src/Algorithm.cpp
 
Building target: pythagoreanTriplet
Invoking: MacOS X C++ Linker
g++  -o "pythagoreanTriplet"  ./test/Algorithm_test.o ./test/gtest_main.o  ./src/Algorithm.o  ./gtest_src/gtest/gtest-all.o   -lpthread
Finished building target: pythagoreanTriplet
 
23:36:08 **** Incremental Build of configuration Debug for project pythagoreanTriplet ****
make all 
make: Nothing to be done for `all'.
23:36:24 **** Incremental Build of configuration Debug for project pythagoreanTriplet ****
make all 
Building file: ../test/Algorithm_test.cpp
Invoking: GCC C++ Compiler
g++ -I"/Users/MacBookEr/Desktop/techFit/c++/pythagoreanTriplet/pythagoreanTriplet/include" -I"/Users/MacBookEr/Desktop/techFit/c++/pythagoreanTriplet/pythagoreanTriplet/gtest_src" -O0 -g3 -Wall -c -fmessage-length=0 -MMD -MP -MF"test/Algorithm_test.d" -MT"test/Algorithm_test.d" -o "test/Algorithm_test.o" "../test/Algorithm_test.cpp"
Finished building: ../test/Algorithm_test.cpp
 
Building target: pythagoreanTriplet
Invoking: MacOS X C++ Linker
g++  -o "pythagoreanTriplet"  ./test/Algorithm_test.o ./test/gtest_main.o  ./src/Algorithm.o  ./gtest_src/gtest/gtest-all.o   -lpthread
Finished building target: pythagoreanTriplet
 
23:36:28 **** Incremental Build of configuration Debug for project pythagoreanTriplet ****
make all 
make: Nothing to be done for `all'.
23:36:38 **** Incremental Build of configuration Debug for project pythagoreanTriplet ****
make all 
Building file: ../test/Algorithm_test.cpp
Invoking: GCC C++ Compiler
g++ -I"/Users/MacBookEr/Desktop/techFit/c++/pythagoreanTriplet/pythagoreanTriplet/include" -I"/Users/MacBookEr/Desktop/techFit/c++/pythagoreanTriplet/pythagoreanTriplet/gtest_src" -O0 -g3 -Wall -c -fmessage-length=0 -MMD -MP -MF"test/Algorithm_test.d" -MT"test/Algorithm_test.d" -o "test/Algorithm_test.o" "../test/Algorithm_test.cpp"
Finished building: ../test/Algorithm_test.cpp
 
Building target: pythagoreanTriplet
Invoking: MacOS X C++ Linker
g++  -o "pythagoreanTriplet"  ./test/Algorithm_test.o ./test/gtest_main.o  ./src/Algorithm.o  ./gtest_src/gtest/gtest-all.o   -lpthread
Finished building target: pythagoreanTriplet
 
23:45:05 **** Incremental Build of configuration Debug for project pythagoreanTriplet ****
make all 
Building file: ../test/Algorithm_test.cpp
Invoking: GCC C++ Compiler
g++ -I"/Users/MacBookEr/Desktop/techFit/c++/pythagoreanTriplet/pythagoreanTriplet/include" -I"/Users/MacBookEr/Desktop/techFit/c++/pythagoreanTriplet/pythagoreanTriplet/gtest_src" -O0 -g3 -Wall -c -fmessage-length=0 -MMD -MP -MF"test/Algorithm_test.d" -MT"test/Algorithm_test.d" -o "test/Algorithm_test.o" "../test/Algorithm_test.cpp"
Finished building: ../test/Algorithm_test.cpp
 
Building file: ../src/Algorithm.cpp
Invoking: GCC C++ Compiler
g++ -I"/Users/MacBookEr/Desktop/techFit/c++/pythagoreanTriplet/pythagoreanTriplet/include" -O0 -g3 -Wall -c -fmessage-length=0 -MMD -MP -MF"src/Algorithm.d" -MT"src/Algorithm.d" -o "src/Algorithm.o" "../src/Algorithm.cpp"
Finished building: ../src/Algorithm.cpp
 
Building target: pythagoreanTriplet
Invoking: MacOS X C++ Linker
g++  -o "pythagoreanTriplet"  ./test/Algorithm_test.o ./test/gtest_main.o  ./src/Algorithm.o  ./gtest_src/gtest/gtest-all.o   -lpthread
Finished building target: pythagoreanTriplet
 
23:45:11 **** Incremental Build of configuration Debug for project pythagoreanTriplet ****
make all 
make: Nothing to be done for `all'.
23:52:22 **** Incremental Build of configuration Debug for project pythagoreanTriplet ****
make all 
Building file: ../test/Algorithm_test.cpp
Invoking: GCC C++ Compiler
g++ -I"/Users/MacBookEr/Desktop/techFit/c++/pythagoreanTriplet/pythagoreanTriplet/include" -I"/Users/MacBookEr/Desktop/techFit/c++/pythagoreanTriplet/pythagoreanTriplet/gtest_src" -O0 -g3 -Wall -c -fmessage-length=0 -MMD -MP -MF"test/Algorithm_test.d" -MT"test/Algorithm_test.d" -o "test/Algorithm_test.o" "../test/Algorithm_test.cpp"
../test/Algorithm_test.cpp:55:19: warning: expression result unused [-Wunused-value]
        EXPECT_ANY_THROW(statement);
                         ^~~~~~~~~
/Users/MacBookEr/Desktop/techFit/c++/pythagoreanTriplet/pythagoreanTriplet/gtest_src/gtest/gtest.h:19318:25: note: expanded from macro 'EXPECT_ANY_THROW'
  GTEST_TEST_ANY_THROW_(statement, GTEST_NONFATAL_FAILURE_)
                        ^
/Users/MacBookEr/Desktop/techFit/c++/pythagoreanTriplet/pythagoreanTriplet/gtest_src/gtest/gtest.h:8053:54: note: expanded from macro 'GTEST_TEST_ANY_THROW_'
      GTEST_SUPPRESS_UNREACHABLE_CODE_WARNING_BELOW_(statement); \
                                                     ^
/Users/MacBookEr/Desktop/techFit/c++/pythagoreanTriplet/pythagoreanTriplet/gtest_src/gtest/gtest.h:8006:44: note: expanded from macro 'GTEST_SUPPRESS_UNREACHABLE_CODE_WARNING_BELOW_'
  if (::testing::internal::AlwaysTrue()) { statement; }
                                           ^
../test/Algorithm_test.cpp:53:6: warning: unused variable 'result' [-Wunused-variable]
        int result = alg.returnRInPythagoreanFunction(oddNumber);
            ^
2 warnings generated.
Finished building: ../test/Algorithm_test.cpp
 
Building file: ../src/Algorithm.cpp
Invoking: GCC C++ Compiler
g++ -I"/Users/MacBookEr/Desktop/techFit/c++/pythagoreanTriplet/pythagoreanTriplet/include" -O0 -g3 -Wall -c -fmessage-length=0 -MMD -MP -MF"src/Algorithm.d" -MT"src/Algorithm.d" -o "src/Algorithm.o" "../src/Algorithm.cpp"
Finished building: ../src/Algorithm.cpp
 
Building target: pythagoreanTriplet
Invoking: MacOS X C++ Linker
g++  -o "pythagoreanTriplet"  ./test/Algorithm_test.o ./test/gtest_main.o  ./src/Algorithm.o  ./gtest_src/gtest/gtest-all.o   -lpthread
Finished building target: pythagoreanTriplet
 
23:52:28 **** Incremental Build of configuration Debug for project pythagoreanTriplet ****
make all 
make: Nothing to be done for `all'.
23:53:54 **** Incremental Build of configuration Debug for project pythagoreanTriplet ****
make all 
Building file: ../test/Algorithm_test.cpp
Invoking: GCC C++ Compiler
g++ -I"/Users/MacBookEr/Desktop/techFit/c++/pythagoreanTriplet/pythagoreanTriplet/include" -I"/Users/MacBookEr/Desktop/techFit/c++/pythagoreanTriplet/pythagoreanTriplet/gtest_src" -O0 -g3 -Wall -c -fmessage-length=0 -MMD -MP -MF"test/Algorithm_test.d" -MT"test/Algorithm_test.d" -o "test/Algorithm_test.o" "../test/Algorithm_test.cpp"
../test/Algorithm_test.cpp:55:15: warning: expression result unused [-Wunused-value]
        EXPECT_THROW(statement, string);
                     ^~~~~~~~~
/Users/MacBookEr/Desktop/techFit/c++/pythagoreanTriplet/pythagoreanTriplet/gtest_src/gtest/gtest.h:19314:21: note: expanded from macro 'EXPECT_THROW'
  GTEST_TEST_THROW_(statement, expected_exception, GTEST_NONFATAL_FAILURE_)
                    ^
/Users/MacBookEr/Desktop/techFit/c++/pythagoreanTriplet/pythagoreanTriplet/gtest_src/gtest/gtest.h:8013:54: note: expanded from macro 'GTEST_TEST_THROW_'
      GTEST_SUPPRESS_UNREACHABLE_CODE_WARNING_BELOW_(statement); \
                                                     ^
/Users/MacBookEr/Desktop/techFit/c++/pythagoreanTriplet/pythagoreanTriplet/gtest_src/gtest/gtest.h:8006:44: note: expanded from macro 'GTEST_SUPPRESS_UNREACHABLE_CODE_WARNING_BELOW_'
  if (::testing::internal::AlwaysTrue()) { statement; }
                                           ^
../test/Algorithm_test.cpp:53:6: warning: unused variable 'result' [-Wunused-variable]
        int result = alg.returnRInPythagoreanFunction(oddNumber);
            ^
2 warnings generated.
Finished building: ../test/Algorithm_test.cpp
 
Building target: pythagoreanTriplet
Invoking: MacOS X C++ Linker
g++  -o "pythagoreanTriplet"  ./test/Algorithm_test.o ./test/gtest_main.o  ./src/Algorithm.o  ./gtest_src/gtest/gtest-all.o   -lpthread
Finished building target: pythagoreanTriplet
 
14:57:24 **** Incremental Build of configuration Debug for project pythagoreanTriplet ****
make all 
Building file: ../test/Algorithm_test.cpp
Invoking: GCC C++ Compiler
g++ -I"/Users/MacBookEr/Desktop/techFit/c++/pythagoreanTriplet/pythagoreanTriplet/include" -I"/Users/MacBookEr/Desktop/techFit/c++/pythagoreanTriplet/pythagoreanTriplet/gtest_src" -O0 -g3 -Wall -c -fmessage-length=0 -MMD -MP -MF"test/Algorithm_test.d" -MT"test/Algorithm_test.d" -o "test/Algorithm_test.o" "../test/Algorithm_test.cpp"
../test/Algorithm_test.cpp:55:15: warning: expression result unused [-Wunused-value]
        EXPECT_THROW(statement, string);
                     ^~~~~~~~~
/Users/MacBookEr/Desktop/techFit/c++/pythagoreanTriplet/pythagoreanTriplet/gtest_src/gtest/gtest.h:19314:21: note: expanded from macro 'EXPECT_THROW'
  GTEST_TEST_THROW_(statement, expected_exception, GTEST_NONFATAL_FAILURE_)
                    ^
/Users/MacBookEr/Desktop/techFit/c++/pythagoreanTriplet/pythagoreanTriplet/gtest_src/gtest/gtest.h:8013:54: note: expanded from macro 'GTEST_TEST_THROW_'
      GTEST_SUPPRESS_UNREACHABLE_CODE_WARNING_BELOW_(statement); \
                                                     ^
/Users/MacBookEr/Desktop/techFit/c++/pythagoreanTriplet/pythagoreanTriplet/gtest_src/gtest/gtest.h:8006:44: note: expanded from macro 'GTEST_SUPPRESS_UNREACHABLE_CODE_WARNING_BELOW_'
  if (::testing::internal::AlwaysTrue()) { statement; }
                                           ^
../test/Algorithm_test.cpp:53:6: warning: unused variable 'result' [-Wunused-variable]
        int result = alg.squareIntegerAndDivideInHalf(oddNumber);
            ^
2 warnings generated.
Finished building: ../test/Algorithm_test.cpp
 
Building file: ../src/Algorithm.cpp
Invoking: GCC C++ Compiler
g++ -I"/Users/MacBookEr/Desktop/techFit/c++/pythagoreanTriplet/pythagoreanTriplet/include" -O0 -g3 -Wall -c -fmessage-length=0 -MMD -MP -MF"src/Algorithm.d" -MT"src/Algorithm.d" -o "src/Algorithm.o" "../src/Algorithm.cpp"
../src/Algorithm.cpp:51:16: error: out-of-line definition of 'returnRInPythagoreanFunction' does not match any declaration in 'Algorithm'
int Algorithm::returnRInPythagoreanFunction(int integer) {
               ^~~~~~~~~~~~~~~~~~~~~~~~~~~~
1 error generated.
make: *** [src/Algorithm.o] Error 1
14:57:58 **** Incremental Build of configuration Debug for project pythagoreanTriplet ****
make all 
Building file: ../src/Algorithm.cpp
Invoking: GCC C++ Compiler
g++ -I"/Users/MacBookEr/Desktop/techFit/c++/pythagoreanTriplet/pythagoreanTriplet/include" -O0 -g3 -Wall -c -fmessage-length=0 -MMD -MP -MF"src/Algorithm.d" -MT"src/Algorithm.d" -o "src/Algorithm.o" "../src/Algorithm.cpp"
../src/Algorithm.cpp:51:16: error: out-of-line definition of 'returnRInPythagoreanFunction' does not match any declaration in 'Algorithm'
int Algorithm::returnRInPythagoreanFunction(int integer) {
               ^~~~~~~~~~~~~~~~~~~~~~~~~~~~
1 error generated.
make: *** [src/Algorithm.o] Error 1
14:58:05 **** Incremental Build of configuration Debug for project pythagoreanTriplet ****
make all 
Building file: ../src/Algorithm.cpp
Invoking: GCC C++ Compiler
g++ -I"/Users/MacBookEr/Desktop/techFit/c++/pythagoreanTriplet/pythagoreanTriplet/include" -O0 -g3 -Wall -c -fmessage-length=0 -MMD -MP -MF"src/Algorithm.d" -MT"src/Algorithm.d" -o "src/Algorithm.o" "../src/Algorithm.cpp"
Finished building: ../src/Algorithm.cpp
 
Building target: pythagoreanTriplet
Invoking: MacOS X C++ Linker
g++  -o "pythagoreanTriplet"  ./test/Algorithm_test.o ./test/gtest_main.o  ./src/Algorithm.o  ./gtest_src/gtest/gtest-all.o   -lpthread
Finished building target: pythagoreanTriplet
 
14:58:45 **** Incremental Build of configuration Debug for project pythagoreanTriplet ****
make all 
Building file: ../test/Algorithm_test.cpp
Invoking: GCC C++ Compiler
g++ -I"/Users/MacBookEr/Desktop/techFit/c++/pythagoreanTriplet/pythagoreanTriplet/include" -I"/Users/MacBookEr/Desktop/techFit/c++/pythagoreanTriplet/pythagoreanTriplet/gtest_src" -O0 -g3 -Wall -c -fmessage-length=0 -MMD -MP -MF"test/Algorithm_test.d" -MT"test/Algorithm_test.d" -o "test/Algorithm_test.o" "../test/Algorithm_test.cpp"
Finished building: ../test/Algorithm_test.cpp
 
Building target: pythagoreanTriplet
Invoking: MacOS X C++ Linker
g++  -o "pythagoreanTriplet"  ./test/Algorithm_test.o ./test/gtest_main.o  ./src/Algorithm.o  ./gtest_src/gtest/gtest-all.o   -lpthread
Finished building target: pythagoreanTriplet
 
14:58:49 **** Incremental Build of configuration Debug for project pythagoreanTriplet ****
make all 
make: Nothing to be done for `all'.
14:58:58 **** Incremental Build of configuration Debug for project pythagoreanTriplet ****
make all 
make: Nothing to be done for `all'.
16:40:22 **** Incremental Build of configuration Debug for project pythagoreanTriplet ****
make all 
Building file: ../test/Algorithm_test.cpp
Invoking: GCC C++ Compiler
g++ -I"/Users/MacBookEr/Desktop/techFit/c++/pythagoreanTriplet/pythagoreanTriplet/include" -I"/Users/MacBookEr/Desktop/techFit/c++/pythagoreanTriplet/pythagoreanTriplet/gtest_src" -O0 -g3 -Wall -c -fmessage-length=0 -MMD -MP -MF"test/Algorithm_test.d" -MT"test/Algorithm_test.d" -o "test/Algorithm_test.o" "../test/Algorithm_test.cpp"
In file included from ../test/Algorithm_test.cpp:8:
/Users/MacBookEr/Desktop/techFit/c++/pythagoreanTriplet/pythagoreanTriplet/include/Algorithm.h:32:75: error: a space is required between consecutive right angle brackets (use '> >')
        vector <vector <int> > findPythagoreanTriplets(int r, vector <vector <int>> factorialsOfRSquaredAndDividedByTwo);
                                                                                 ^~
                                                                                 > >
1 error generated.
make: *** [test/Algorithm_test.o] Error 1
16:40:27 **** Incremental Build of configuration Debug for project pythagoreanTriplet ****
make all 
Building file: ../test/Algorithm_test.cpp
Invoking: GCC C++ Compiler
g++ -I"/Users/MacBookEr/Desktop/techFit/c++/pythagoreanTriplet/pythagoreanTriplet/include" -I"/Users/MacBookEr/Desktop/techFit/c++/pythagoreanTriplet/pythagoreanTriplet/gtest_src" -O0 -g3 -Wall -c -fmessage-length=0 -MMD -MP -MF"test/Algorithm_test.d" -MT"test/Algorithm_test.d" -o "test/Algorithm_test.o" "../test/Algorithm_test.cpp"
In file included from ../test/Algorithm_test.cpp:8:
/Users/MacBookEr/Desktop/techFit/c++/pythagoreanTriplet/pythagoreanTriplet/include/Algorithm.h:32:75: error: a space is required between consecutive right angle brackets (use '> >')
        vector <vector <int> > findPythagoreanTriplets(int r, vector <vector <int>> factorialsOfRSquaredAndDividedByTwo);
                                                                                 ^~
                                                                                 > >
1 error generated.
make: *** [test/Algorithm_test.o] Error 1
16:41:22 **** Incremental Build of configuration Debug for project pythagoreanTriplet ****
make all 
Building file: ../test/Algorithm_test.cpp
Invoking: GCC C++ Compiler
g++ -I"/Users/MacBookEr/Desktop/techFit/c++/pythagoreanTriplet/pythagoreanTriplet/include" -I"/Users/MacBookEr/Desktop/techFit/c++/pythagoreanTriplet/pythagoreanTriplet/gtest_src" -O0 -g3 -Wall -c -fmessage-length=0 -MMD -MP -MF"test/Algorithm_test.d" -MT"test/Algorithm_test.d" -o "test/Algorithm_test.o" "../test/Algorithm_test.cpp"
In file included from ../test/Algorithm_test.cpp:8:
/Users/MacBookEr/Desktop/techFit/c++/pythagoreanTriplet/pythagoreanTriplet/include/Algorithm.h:32:75: error: a space is required between consecutive right angle brackets (use '> >')
        vector <vector <int> > findPythagoreanTriplets(int r, vector <vector <int>> factorialsOfRSquaredAndDividedByTwo);
                                                                                 ^~
                                                                                 > >
1 error generated.
make: *** [test/Algorithm_test.o] Error 1
16:41:57 **** Incremental Build of configuration Debug for project pythagoreanTriplet ****
make all 
Building file: ../test/Algorithm_test.cpp
Invoking: GCC C++ Compiler
g++ -I"/Users/MacBookEr/Desktop/techFit/c++/pythagoreanTriplet/pythagoreanTriplet/include" -I"/Users/MacBookEr/Desktop/techFit/c++/pythagoreanTriplet/pythagoreanTriplet/gtest_src" -O0 -g3 -Wall -c -fmessage-length=0 -MMD -MP -MF"test/Algorithm_test.d" -MT"test/Algorithm_test.d" -o "test/Algorithm_test.o" "../test/Algorithm_test.cpp"
In file included from ../test/Algorithm_test.cpp:8:
/Users/MacBookEr/Desktop/techFit/c++/pythagoreanTriplet/pythagoreanTriplet/include/Algorithm.h:32:75: error: a space is required between consecutive right angle brackets (use '> >')
        vector <vector <int> > findPythagoreanTriplets(int r, vector <vector <int>> factorialsOfRSquaredAndDividedByTwo);
                                                                                 ^~
                                                                                 > >
1 error generated.
make: *** [test/Algorithm_test.o] Error 1
16:42:05 **** Incremental Build of configuration Debug for project pythagoreanTriplet ****
make all 
Building file: ../test/Algorithm_test.cpp
Invoking: GCC C++ Compiler
g++ -I"/Users/MacBookEr/Desktop/techFit/c++/pythagoreanTriplet/pythagoreanTriplet/include" -I"/Users/MacBookEr/Desktop/techFit/c++/pythagoreanTriplet/pythagoreanTriplet/gtest_src" -O0 -g3 -Wall -c -fmessage-length=0 -MMD -MP -MF"test/Algorithm_test.d" -MT"test/Algorithm_test.d" -o "test/Algorithm_test.o" "../test/Algorithm_test.cpp"
Finished building: ../test/Algorithm_test.cpp
 
Building file: ../src/Algorithm.cpp
Invoking: GCC C++ Compiler
g++ -I"/Users/MacBookEr/Desktop/techFit/c++/pythagoreanTriplet/pythagoreanTriplet/include" -O0 -g3 -Wall -c -fmessage-length=0 -MMD -MP -MF"src/Algorithm.d" -MT"src/Algorithm.d" -o "src/Algorithm.o" "../src/Algorithm.cpp"
../src/Algorithm.cpp:55:85: error: a space is required between consecutive right angle brackets (use '> >')
vector <vector <int> > Algorithm::findPythagoreanTriplets(int r, vector <vector <int>> factorialsOfRSquaredAndDividedInHalf) {
                                                                                    ^~
                                                                                    > >
../src/Algorithm.cpp:59:53: error: reference to non-static member function must be called; did you mean to call it with no arguments?
        while(count < factorialsOfRSquaredAndDividedInHalf.size) {
                      ~~~~~~~~~~~~~~~~~~~~~~~~~~~~~~~~~~~~~^~~~
                                                               ()
2 errors generated.
make: *** [src/Algorithm.o] Error 1
16:42:50 **** Incremental Build of configuration Debug for project pythagoreanTriplet ****
make all 
Building file: ../src/Algorithm.cpp
Invoking: GCC C++ Compiler
g++ -I"/Users/MacBookEr/Desktop/techFit/c++/pythagoreanTriplet/pythagoreanTriplet/include" -O0 -g3 -Wall -c -fmessage-length=0 -MMD -MP -MF"src/Algorithm.d" -MT"src/Algorithm.d" -o "src/Algorithm.o" "../src/Algorithm.cpp"
Finished building: ../src/Algorithm.cpp
 
Building target: pythagoreanTriplet
Invoking: MacOS X C++ Linker
g++  -o "pythagoreanTriplet"  ./test/Algorithm_test.o ./test/gtest_main.o  ./src/Algorithm.o  ./gtest_src/gtest/gtest-all.o   -lpthread
Finished building target: pythagoreanTriplet
 
16:42:54 **** Incremental Build of configuration Debug for project pythagoreanTriplet ****
make all 
make: Nothing to be done for `all'.
16:43:40 **** Incremental Build of configuration Debug for project pythagoreanTriplet ****
make all 
make: Nothing to be done for `all'.
16:44:28 **** Incremental Build of configuration Debug for project pythagoreanTriplet ****
make all 
make: Nothing to be done for `all'.
16:44:33 **** Incremental Build of configuration Debug for project pythagoreanTriplet ****
make all 
make: Nothing to be done for `all'.
16:44:35 **** Incremental Build of configuration Debug for project pythagoreanTriplet ****
make all 
make: Nothing to be done for `all'.
16:44:39 **** Incremental Build of configuration Debug for project pythagoreanTriplet ****
make all 
make: Nothing to be done for `all'.
16:45:58 **** Incremental Build of configuration Debug for project pythagoreanTriplet ****
make all 
Building file: ../src/Algorithm.cpp
Invoking: GCC C++ Compiler
g++ -I"/Users/MacBookEr/Desktop/techFit/c++/pythagoreanTriplet/pythagoreanTriplet/include" -O0 -g3 -Wall -c -fmessage-length=0 -MMD -MP -MF"src/Algorithm.d" -MT"src/Algorithm.d" -o "src/Algorithm.o" "../src/Algorithm.cpp"
../src/Algorithm.cpp:57:6: warning: unused variable 'count' [-Wunused-variable]
        int count = 0;
            ^
1 warning generated.
Finished building: ../src/Algorithm.cpp
 
Building target: pythagoreanTriplet
Invoking: MacOS X C++ Linker
g++  -o "pythagoreanTriplet"  ./test/Algorithm_test.o ./test/gtest_main.o  ./src/Algorithm.o  ./gtest_src/gtest/gtest-all.o   -lpthread
Finished building target: pythagoreanTriplet
 
16:46:21 **** Incremental Build of configuration Debug for project pythagoreanTriplet ****
make all 
make: Nothing to be done for `all'.
09:10:59 **** Incremental Build of configuration Debug for project pythagoreanTriplet ****
make all 
Building file: ../src/Algorithm.cpp
Invoking: GCC C++ Compiler
g++ -I"/Users/MacBookEr/Desktop/techFit/c++/pythagoreanTriplet/pythagoreanTriplet/include" -O0 -g3 -Wall -c -fmessage-length=0 -MMD -MP -MF"src/Algorithm.d" -MT"src/Algorithm.d" -o "src/Algorithm.o" "../src/Algorithm.cpp"
Finished building: ../src/Algorithm.cpp
 
Building target: pythagoreanTriplet
Invoking: MacOS X C++ Linker
g++  -o "pythagoreanTriplet"  ./test/Algorithm_test.o ./test/gtest_main.o  ./src/Algorithm.o  ./gtest_src/gtest/gtest-all.o   -lpthread
Finished building target: pythagoreanTriplet
 
09:11:04 **** Incremental Build of configuration Debug for project pythagoreanTriplet ****
make all 
make: Nothing to be done for `all'.
09:11:40 **** Incremental Build of configuration Debug for project pythagoreanTriplet ****
make all 
make: Nothing to be done for `all'.
09:17:06 **** Incremental Build of configuration Debug for project pythagoreanTriplet ****
make all 
Building file: ../src/Algorithm.cpp
Invoking: GCC C++ Compiler
g++ -I"/Users/MacBookEr/Desktop/techFit/c++/pythagoreanTriplet/pythagoreanTriplet/include" -O0 -g3 -Wall -c -fmessage-length=0 -MMD -MP -MF"src/Algorithm.d" -MT"src/Algorithm.d" -o "src/Algorithm.o" "../src/Algorithm.cpp"
Finished building: ../src/Algorithm.cpp
 
Building target: pythagoreanTriplet
Invoking: MacOS X C++ Linker
g++  -o "pythagoreanTriplet"  ./test/Algorithm_test.o ./test/gtest_main.o  ./src/Algorithm.o  ./gtest_src/gtest/gtest-all.o   -lpthread
Finished building target: pythagoreanTriplet
 
09:17:10 **** Incremental Build of configuration Debug for project pythagoreanTriplet ****
make all 
make: Nothing to be done for `all'.
09:17:20 **** Incremental Build of configuration Debug for project pythagoreanTriplet ****
make all 
make: Nothing to be done for `all'.
09:17:33 **** Incremental Build of configuration Debug for project pythagoreanTriplet ****
make all 
make: Nothing to be done for `all'.
09:17:37 **** Incremental Build of configuration Debug for project pythagoreanTriplet ****
make all 
make: Nothing to be done for `all'.
09:17:41 **** Incremental Build of configuration Debug for project pythagoreanTriplet ****
make all 
make: Nothing to be done for `all'.
09:17:44 **** Incremental Build of configuration Debug for project pythagoreanTriplet ****
make all 
make: Nothing to be done for `all'.
09:17:47 **** Incremental Build of configuration Debug for project pythagoreanTriplet ****
make all 
make: Nothing to be done for `all'.
09:17:49 **** Incremental Build of configuration Debug for project pythagoreanTriplet ****
make all 
make: Nothing to be done for `all'.
09:17:52 **** Incremental Build of configuration Debug for project pythagoreanTriplet ****
make all 
make: Nothing to be done for `all'.
09:18:59 **** Incremental Build of configuration Debug for project pythagoreanTriplet ****
make all 
Building file: ../src/Algorithm.cpp
Invoking: GCC C++ Compiler
g++ -I"/Users/MacBookEr/Desktop/techFit/c++/pythagoreanTriplet/pythagoreanTriplet/include" -O0 -g3 -Wall -c -fmessage-length=0 -MMD -MP -MF"src/Algorithm.d" -MT"src/Algorithm.d" -o "src/Algorithm.o" "../src/Algorithm.cpp"
../src/Algorithm.cpp:57:6: warning: unused variable 'count' [-Wunused-variable]
        int count = 0;
            ^
1 warning generated.
Finished building: ../src/Algorithm.cpp
 
Building target: pythagoreanTriplet
Invoking: MacOS X C++ Linker
g++  -o "pythagoreanTriplet"  ./test/Algorithm_test.o ./test/gtest_main.o  ./src/Algorithm.o  ./gtest_src/gtest/gtest-all.o   -lpthread
Finished building target: pythagoreanTriplet
 
09:19:05 **** Incremental Build of configuration Debug for project pythagoreanTriplet ****
make all 
make: Nothing to be done for `all'.
09:20:15 **** Incremental Build of configuration Debug for project pythagoreanTriplet ****
make all 
Building file: ../src/Algorithm.cpp
Invoking: GCC C++ Compiler
g++ -I"/Users/MacBookEr/Desktop/techFit/c++/pythagoreanTriplet/pythagoreanTriplet/include" -O0 -g3 -Wall -c -fmessage-length=0 -MMD -MP -MF"src/Algorithm.d" -MT"src/Algorithm.d" -o "src/Algorithm.o" "../src/Algorithm.cpp"
../src/Algorithm.cpp:57:6: warning: unused variable 'count' [-Wunused-variable]
        int count = 0;
            ^
1 warning generated.
Finished building: ../src/Algorithm.cpp
 
Building target: pythagoreanTriplet
Invoking: MacOS X C++ Linker
g++  -o "pythagoreanTriplet"  ./test/Algorithm_test.o ./test/gtest_main.o  ./src/Algorithm.o  ./gtest_src/gtest/gtest-all.o   -lpthread
Finished building target: pythagoreanTriplet
 
09:21:30 **** Incremental Build of configuration Debug for project pythagoreanTriplet ****
make all 
Building file: ../src/Algorithm.cpp
Invoking: GCC C++ Compiler
g++ -I"/Users/MacBookEr/Desktop/techFit/c++/pythagoreanTriplet/pythagoreanTriplet/include" -O0 -g3 -Wall -c -fmessage-length=0 -MMD -MP -MF"src/Algorithm.d" -MT"src/Algorithm.d" -o "src/Algorithm.o" "../src/Algorithm.cpp"
../src/Algorithm.cpp:57:6: warning: unused variable 'count' [-Wunused-variable]
        int count = 0;
            ^
1 warning generated.
Finished building: ../src/Algorithm.cpp
 
Building target: pythagoreanTriplet
Invoking: MacOS X C++ Linker
g++  -o "pythagoreanTriplet"  ./test/Algorithm_test.o ./test/gtest_main.o  ./src/Algorithm.o  ./gtest_src/gtest/gtest-all.o   -lpthread
Finished building target: pythagoreanTriplet
 
09:21:34 **** Incremental Build of configuration Debug for project pythagoreanTriplet ****
make all 
make: Nothing to be done for `all'.
09:23:14 **** Incremental Build of configuration Debug for project pythagoreanTriplet ****
make all 
Building file: ../src/Algorithm.cpp
Invoking: GCC C++ Compiler
g++ -I"/Users/MacBookEr/Desktop/techFit/c++/pythagoreanTriplet/pythagoreanTriplet/include" -O0 -g3 -Wall -c -fmessage-length=0 -MMD -MP -MF"src/Algorithm.d" -MT"src/Algorithm.d" -o "src/Algorithm.o" "../src/Algorithm.cpp"
Finished building: ../src/Algorithm.cpp
 
Building target: pythagoreanTriplet
Invoking: MacOS X C++ Linker
g++  -o "pythagoreanTriplet"  ./test/Algorithm_test.o ./test/gtest_main.o  ./src/Algorithm.o  ./gtest_src/gtest/gtest-all.o   -lpthread
Finished building target: pythagoreanTriplet
 
09:23:18 **** Incremental Build of configuration Debug for project pythagoreanTriplet ****
make all 
make: Nothing to be done for `all'.
09:26:32 **** Incremental Build of configuration Debug for project pythagoreanTriplet ****
make all 
Building file: ../src/Algorithm.cpp
Invoking: GCC C++ Compiler
g++ -I"/Users/MacBookEr/Desktop/techFit/c++/pythagoreanTriplet/pythagoreanTriplet/include" -O0 -g3 -Wall -c -fmessage-length=0 -MMD -MP -MF"src/Algorithm.d" -MT"src/Algorithm.d" -o "src/Algorithm.o" "../src/Algorithm.cpp"
Finished building: ../src/Algorithm.cpp
 
Building target: pythagoreanTriplet
Invoking: MacOS X C++ Linker
g++  -o "pythagoreanTriplet"  ./test/Algorithm_test.o ./test/gtest_main.o  ./src/Algorithm.o  ./gtest_src/gtest/gtest-all.o   -lpthread
Finished building target: pythagoreanTriplet
 
09:26:37 **** Incremental Build of configuration Debug for project pythagoreanTriplet ****
make all 
make: Nothing to be done for `all'.
09:28:07 **** Incremental Build of configuration Debug for project pythagoreanTriplet ****
make all 
Building file: ../src/Algorithm.cpp
Invoking: GCC C++ Compiler
g++ -I"/Users/MacBookEr/Desktop/techFit/c++/pythagoreanTriplet/pythagoreanTriplet/include" -O0 -g3 -Wall -c -fmessage-length=0 -MMD -MP -MF"src/Algorithm.d" -MT"src/Algorithm.d" -o "src/Algorithm.o" "../src/Algorithm.cpp"
../src/Algorithm.cpp:64:63: warning: expression result unused [-Wunused-value]
                int z = r + factorialsOfRSquaredAndDividedInHalf[count][0]; + factorialsOfRSquaredAndDividedInHalf[count][1];;
                                                                            ^ ~~~~~~~~~~~~~~~~~~~~~~~~~~~~~~~~~~~~~~~~~~~~~~
1 warning generated.
Finished building: ../src/Algorithm.cpp
 
Building target: pythagoreanTriplet
Invoking: MacOS X C++ Linker
g++  -o "pythagoreanTriplet"  ./test/Algorithm_test.o ./test/gtest_main.o  ./src/Algorithm.o  ./gtest_src/gtest/gtest-all.o   -lpthread
Finished building target: pythagoreanTriplet
 
09:28:12 **** Incremental Build of configuration Debug for project pythagoreanTriplet ****
make all 
Building file: ../src/Algorithm.cpp
Invoking: GCC C++ Compiler
g++ -I"/Users/MacBookEr/Desktop/techFit/c++/pythagoreanTriplet/pythagoreanTriplet/include" -O0 -g3 -Wall -c -fmessage-length=0 -MMD -MP -MF"src/Algorithm.d" -MT"src/Algorithm.d" -o "src/Algorithm.o" "../src/Algorithm.cpp"
../src/Algorithm.cpp:64:63: warning: expression result unused [-Wunused-value]
                int z = r + factorialsOfRSquaredAndDividedInHalf[count][0]; + factorialsOfRSquaredAndDividedInHalf[count][1];;
                                                                            ^ ~~~~~~~~~~~~~~~~~~~~~~~~~~~~~~~~~~~~~~~~~~~~~~
1 warning generated.
Finished building: ../src/Algorithm.cpp
 
Building target: pythagoreanTriplet
Invoking: MacOS X C++ Linker
g++  -o "pythagoreanTriplet"  ./test/Algorithm_test.o ./test/gtest_main.o  ./src/Algorithm.o  ./gtest_src/gtest/gtest-all.o   -lpthread
Finished building target: pythagoreanTriplet
 
09:28:27 **** Incremental Build of configuration Debug for project pythagoreanTriplet ****
make all 
Building file: ../src/Algorithm.cpp
Invoking: GCC C++ Compiler
g++ -I"/Users/MacBookEr/Desktop/techFit/c++/pythagoreanTriplet/pythagoreanTriplet/include" -O0 -g3 -Wall -c -fmessage-length=0 -MMD -MP -MF"src/Algorithm.d" -MT"src/Algorithm.d" -o "src/Algorithm.o" "../src/Algorithm.cpp"
../src/Algorithm.cpp:64:63: warning: expression result unused [-Wunused-value]
                int z = r + factorialsOfRSquaredAndDividedInHalf[count][0]; + factorialsOfRSquaredAndDividedInHalf[count][1];;
                                                                            ^ ~~~~~~~~~~~~~~~~~~~~~~~~~~~~~~~~~~~~~~~~~~~~~~
1 warning generated.
Finished building: ../src/Algorithm.cpp
 
Building target: pythagoreanTriplet
Invoking: MacOS X C++ Linker
g++  -o "pythagoreanTriplet"  ./test/Algorithm_test.o ./test/gtest_main.o  ./src/Algorithm.o  ./gtest_src/gtest/gtest-all.o   -lpthread
Finished building target: pythagoreanTriplet
 
09:28:50 **** Incremental Build of configuration Debug for project pythagoreanTriplet ****
make all 
Building file: ../src/Algorithm.cpp
Invoking: GCC C++ Compiler
g++ -I"/Users/MacBookEr/Desktop/techFit/c++/pythagoreanTriplet/pythagoreanTriplet/include" -O0 -g3 -Wall -c -fmessage-length=0 -MMD -MP -MF"src/Algorithm.d" -MT"src/Algorithm.d" -o "src/Algorithm.o" "../src/Algorithm.cpp"
Finished building: ../src/Algorithm.cpp
 
Building target: pythagoreanTriplet
Invoking: MacOS X C++ Linker
g++  -o "pythagoreanTriplet"  ./test/Algorithm_test.o ./test/gtest_main.o  ./src/Algorithm.o  ./gtest_src/gtest/gtest-all.o   -lpthread
Finished building target: pythagoreanTriplet
 
09:29:20 **** Incremental Build of configuration Debug for project pythagoreanTriplet ****
make all 
Building file: ../src/Algorithm.cpp
Invoking: GCC C++ Compiler
g++ -I"/Users/MacBookEr/Desktop/techFit/c++/pythagoreanTriplet/pythagoreanTriplet/include" -O0 -g3 -Wall -c -fmessage-length=0 -MMD -MP -MF"src/Algorithm.d" -MT"src/Algorithm.d" -o "src/Algorithm.o" "../src/Algorithm.cpp"
Finished building: ../src/Algorithm.cpp
 
Building target: pythagoreanTriplet
Invoking: MacOS X C++ Linker
g++  -o "pythagoreanTriplet"  ./test/Algorithm_test.o ./test/gtest_main.o  ./src/Algorithm.o  ./gtest_src/gtest/gtest-all.o   -lpthread
Finished building target: pythagoreanTriplet
 
09:29:24 **** Incremental Build of configuration Debug for project pythagoreanTriplet ****
make all 
make: Nothing to be done for `all'.
09:30:39 **** Incremental Build of configuration Debug for project pythagoreanTriplet ****
make all 
Building file: ../src/Algorithm.cpp
Invoking: GCC C++ Compiler
g++ -I"/Users/MacBookEr/Desktop/techFit/c++/pythagoreanTriplet/pythagoreanTriplet/include" -O0 -g3 -Wall -c -fmessage-length=0 -MMD -MP -MF"src/Algorithm.d" -MT"src/Algorithm.d" -o "src/Algorithm.o" "../src/Algorithm.cpp"
Finished building: ../src/Algorithm.cpp
 
Building target: pythagoreanTriplet
Invoking: MacOS X C++ Linker
g++  -o "pythagoreanTriplet"  ./test/Algorithm_test.o ./test/gtest_main.o  ./src/Algorithm.o  ./gtest_src/gtest/gtest-all.o   -lpthread
Finished building target: pythagoreanTriplet
 
19:21:21 **** Incremental Build of configuration Debug for project pythagoreanTriplet ****
make all 
Building file: ../test/Algorithm_test.cpp
Invoking: GCC C++ Compiler
g++ -I"/Users/MacBookEr/Desktop/techFit/c++/pythagoreanTriplet/pythagoreanTriplet/include" -I"/Users/MacBookEr/Desktop/techFit/c++/pythagoreanTriplet/pythagoreanTriplet/gtest_src" -O0 -g3 -Wall -c -fmessage-length=0 -MMD -MP -MF"test/Algorithm_test.d" -MT"test/Algorithm_test.d" -o "test/Algorithm_test.o" "../test/Algorithm_test.cpp"
Finished building: ../test/Algorithm_test.cpp
 
Building file: ../src/Algorithm.cpp
Invoking: GCC C++ Compiler
g++ -I"/Users/MacBookEr/Desktop/techFit/c++/pythagoreanTriplet/pythagoreanTriplet/include" -O0 -g3 -Wall -c -fmessage-length=0 -MMD -MP -MF"src/Algorithm.d" -MT"src/Algorithm.d" -o "src/Algorithm.o" "../src/Algorithm.cpp"
Finished building: ../src/Algorithm.cpp
 
Building target: pythagoreanTriplet
Invoking: MacOS X C++ Linker
g++  -o "pythagoreanTriplet"  ./test/Algorithm_test.o ./test/gtest_main.o  ./src/Algorithm.o  ./gtest_src/gtest/gtest-all.o   -lpthread
Finished building target: pythagoreanTriplet
 
19:21:32 **** Incremental Build of configuration Debug for project pythagoreanTriplet ****
make all 
make: Nothing to be done for `all'.
19:29:42 **** Incremental Build of configuration Debug for project pythagoreanTriplet ****
make all 
Building file: ../src/Algorithm.cpp
Invoking: GCC C++ Compiler
g++ -I"/Users/MacBookEr/Desktop/techFit/c++/pythagoreanTriplet/pythagoreanTriplet/include" -O0 -g3 -Wall -c -fmessage-length=0 -MMD -MP -MF"src/Algorithm.d" -MT"src/Algorithm.d" -o "src/Algorithm.o" "../src/Algorithm.cpp"
Finished building: ../src/Algorithm.cpp
 
Building target: pythagoreanTriplet
Invoking: MacOS X C++ Linker
g++  -o "pythagoreanTriplet"  ./test/Algorithm_test.o ./test/gtest_main.o  ./src/Algorithm.o  ./gtest_src/gtest/gtest-all.o   -lpthread
Finished building target: pythagoreanTriplet
 
19:29:45 **** Incremental Build of configuration Debug for project pythagoreanTriplet ****
make all 
make: Nothing to be done for `all'.
19:30:02 **** Incremental Build of configuration Debug for project pythagoreanTriplet ****
make all 
make: Nothing to be done for `all'.
19:30:11 **** Incremental Build of configuration Debug for project pythagoreanTriplet ****
make all 
make: Nothing to be done for `all'.
19:30:18 **** Incremental Build of configuration Debug for project pythagoreanTriplet ****
make all 
Building file: ../src/Algorithm.cpp
Invoking: GCC C++ Compiler
g++ -I"/Users/MacBookEr/Desktop/techFit/c++/pythagoreanTriplet/pythagoreanTriplet/include" -O0 -g3 -Wall -c -fmessage-length=0 -MMD -MP -MF"src/Algorithm.d" -MT"src/Algorithm.d" -o "src/Algorithm.o" "../src/Algorithm.cpp"
Finished building: ../src/Algorithm.cpp
 
Building target: pythagoreanTriplet
Invoking: MacOS X C++ Linker
g++  -o "pythagoreanTriplet"  ./test/Algorithm_test.o ./test/gtest_main.o  ./src/Algorithm.o  ./gtest_src/gtest/gtest-all.o   -lpthread
Finished building target: pythagoreanTriplet
 
19:31:15 **** Incremental Build of configuration Debug for project pythagoreanTriplet ****
make all 
Building file: ../test/Algorithm_test.cpp
Invoking: GCC C++ Compiler
g++ -I"/Users/MacBookEr/Desktop/techFit/c++/pythagoreanTriplet/pythagoreanTriplet/include" -I"/Users/MacBookEr/Desktop/techFit/c++/pythagoreanTriplet/pythagoreanTriplet/gtest_src" -O0 -g3 -Wall -c -fmessage-length=0 -MMD -MP -MF"test/Algorithm_test.d" -MT"test/Algorithm_test.d" -o "test/Algorithm_test.o" "../test/Algorithm_test.cpp"
Finished building: ../test/Algorithm_test.cpp
 
Building target: pythagoreanTriplet
Invoking: MacOS X C++ Linker
g++  -o "pythagoreanTriplet"  ./test/Algorithm_test.o ./test/gtest_main.o  ./src/Algorithm.o  ./gtest_src/gtest/gtest-all.o   -lpthread
Finished building target: pythagoreanTriplet
 
19:31:19 **** Incremental Build of configuration Debug for project pythagoreanTriplet ****
make all 
make: Nothing to be done for `all'.
19:32:12 **** Incremental Build of configuration Debug for project pythagoreanTriplet ****
make all 
Building file: ../test/Algorithm_test.cpp
Invoking: GCC C++ Compiler
g++ -I"/Users/MacBookEr/Desktop/techFit/c++/pythagoreanTriplet/pythagoreanTriplet/include" -I"/Users/MacBookEr/Desktop/techFit/c++/pythagoreanTriplet/pythagoreanTriplet/gtest_src" -O0 -g3 -Wall -c -fmessage-length=0 -MMD -MP -MF"test/Algorithm_test.d" -MT"test/Algorithm_test.d" -o "test/Algorithm_test.o" "../test/Algorithm_test.cpp"
Finished building: ../test/Algorithm_test.cpp
 
Building target: pythagoreanTriplet
Invoking: MacOS X C++ Linker
g++  -o "pythagoreanTriplet"  ./test/Algorithm_test.o ./test/gtest_main.o  ./src/Algorithm.o  ./gtest_src/gtest/gtest-all.o   -lpthread
Finished building target: pythagoreanTriplet
 
19:32:17 **** Incremental Build of configuration Debug for project pythagoreanTriplet ****
make all 
make: Nothing to be done for `all'.
19:35:54 **** Incremental Build of configuration Debug for project pythagoreanTriplet ****
make all 
make: Nothing to be done for `all'.
19:35:56 **** Incremental Build of configuration Debug for project pythagoreanTriplet ****
make all 
make: Nothing to be done for `all'.
19:40:02 **** Incremental Build of configuration Debug for project pythagoreanTriplet ****
make all 
Building file: ../test/Algorithm_test.cpp
Invoking: GCC C++ Compiler
g++ -I"/Users/MacBookEr/Desktop/techFit/c++/pythagoreanTriplet/pythagoreanTriplet/include" -I"/Users/MacBookEr/Desktop/techFit/c++/pythagoreanTriplet/pythagoreanTriplet/gtest_src" -O0 -g3 -Wall -c -fmessage-length=0 -MMD -MP -MF"test/Algorithm_test.d" -MT"test/Algorithm_test.d" -o "test/Algorithm_test.o" "../test/Algorithm_test.cpp"
Finished building: ../test/Algorithm_test.cpp
 
Building file: ../src/Algorithm.cpp
Invoking: GCC C++ Compiler
g++ -I"/Users/MacBookEr/Desktop/techFit/c++/pythagoreanTriplet/pythagoreanTriplet/include" -O0 -g3 -Wall -c -fmessage-length=0 -MMD -MP -MF"src/Algorithm.d" -MT"src/Algorithm.d" -o "src/Algorithm.o" "../src/Algorithm.cpp"
../src/Algorithm.cpp:108:9: warning: variable 'returnValue' is uninitialized when used here [-Wuninitialized]
        return returnValue;
               ^~~~~~~~~~~
../src/Algorithm.cpp:106:17: note: initialize the variable 'returnValue' to silence this warning
        int returnValue;
                       ^
                        = 0
1 warning generated.
Finished building: ../src/Algorithm.cpp
 
Building target: pythagoreanTriplet
Invoking: MacOS X C++ Linker
g++  -o "pythagoreanTriplet"  ./test/Algorithm_test.o ./test/gtest_main.o  ./src/Algorithm.o  ./gtest_src/gtest/gtest-all.o   -lpthread
Finished building target: pythagoreanTriplet
 
19:40:15 **** Incremental Build of configuration Debug for project pythagoreanTriplet ****
make all 
make: Nothing to be done for `all'.
19:42:13 **** Incremental Build of configuration Debug for project pythagoreanTriplet ****
make all 
Building file: ../src/Algorithm.cpp
Invoking: GCC C++ Compiler
g++ -I"/Users/MacBookEr/Desktop/techFit/c++/pythagoreanTriplet/pythagoreanTriplet/include" -O0 -g3 -Wall -c -fmessage-length=0 -MMD -MP -MF"src/Algorithm.d" -MT"src/Algorithm.d" -o "src/Algorithm.o" "../src/Algorithm.cpp"
Finished building: ../src/Algorithm.cpp
 
Building target: pythagoreanTriplet
Invoking: MacOS X C++ Linker
g++  -o "pythagoreanTriplet"  ./test/Algorithm_test.o ./test/gtest_main.o  ./src/Algorithm.o  ./gtest_src/gtest/gtest-all.o   -lpthread
Finished building target: pythagoreanTriplet
 
19:42:16 **** Incremental Build of configuration Debug for project pythagoreanTriplet ****
make all 
make: Nothing to be done for `all'.
